make all --print-data-base --no-builtin-variables --no-builtin-rules --question
# GNU Make 3.81
# Copyright (C) 2006  Free Software Foundation, Inc.
# This is free software; see the source for copying conditions.
# There is NO warranty; not even for MERCHANTABILITY or FITNESS FOR A
# PARTICULAR PURPOSE.

# This program built for i386-apple-darwin11.3.0
 

# Make data base, printed on Fri Aug 19 13:05:18 2022

# Variables

# automatic
<D = $(patsubst %/,%,$(dir $<))
# automatic
?F = $(notdir $?)
# environment
BYOBU_BACKEND = tmux
# automatic
?D = $(patsubst %/,%,$(dir $?))
# environment
PLATFORMIO_IDE = 2.5.2
# environment
BYOBU_ULIMIT = ulimit
# automatic
@D = $(patsubst %/,%,$(dir $@))
# automatic
@F = $(notdir $@)
# makefile
CURDIR := /Users/annafurtado/personal/autoconfigure-machine
# makefile
SHELL = /bin/sh
# environment
BYOBU_HIGHLIGHT = \#DD4814
# environment
VSCODE_NLS_CONFIG = {"locale":"en-gb","availableLanguages":{},"_languagePackSupport":true}
# environment
_ = /usr/bin/make
# environment
WALLABY_PRODUCTION = true
# environment
BYOBU_DISTRO = macOS
# makefile (from `Makefile', line 1)
MAKEFILE_LIST :=  Makefile
# environment
BYOBU_RUN_DIR = /Users/annafurtado/.cache/byobu
# environment
__CFBundleIdentifier = com.microsoft.VSCode
# environment
INFOPATH = /opt/homebrew/share/info:
# environment
VSCODE_CWD = /
# environment
NO_PROXY = 127.0.0.1
# environment
LSCOLORS = Gxfxcxdxbxegedabagacad
# environment
BYOBU_PAGER = less
# environment
BYOBU_DARK = \#333333
# environment
BYOBU_TIME = %H:%M:%S
# environment
LaunchInstanceID = F4C99225-8469-448C-B89C-E628ABCE2D19
# environment
ELECTRON_RUN_AS_NODE = 1
# default
.FEATURES := target-specific order-only second-expansion else-if archives jobserver check-symlink
# environment
SSH_AUTH_SOCK = /private/tmp/com.apple.launchd.i18ZeXCdYj/Listeners
# automatic
%F = $(notdir $%)
# environment
TTY = not a tty
# environment
FIG_PID = 10100
# environment
PWD = /Users/annafurtado/personal/autoconfigure-machine
# environment
HOMEBREW_CELLAR = /opt/homebrew/Cellar
# environment
BYOBU_LIGHT = \#EEEEEE
# environment
ORIGINAL_XDG_CURRENT_DESKTOP = undefined
# environment
BYOBU_WINDOW_NAME = -
# environment
MANPATH = /opt/homebrew/share/man::
# environment
VSCODE_AMD_ENTRYPOINT = vs/workbench/api/node/extensionHostProcess
# environment
HOME = /Users/annafurtado
# default
MAKEFILEPATH := /Applications/Xcode.app/Contents/Developer/Makefiles
# environment
VSCODE_CODE_CACHE_PATH = /Users/annafurtado/Library/Application Support/Code/CachedData/e4503b30fc78200f846c62cf8091b76ff5547662
# environment
LOGNAME = annafurtado
# environment
BUNDLER_EDITOR = lvim
# environment
APPLICATION_INSIGHTS_NO_DIAGNOSTIC_CHANNEL = true
# environment
ZSH = /Users/annafurtado/.oh-my-zsh
# environment
BYOBU_READLINK = greadlink
# environment
VSCODE_HANDLES_UNCAUGHT_ERRORS = true
# automatic
^D = $(patsubst %/,%,$(dir $^))
# environment
PLATFORMIO_PATH = /Users/annafurtado/.platformio/penv/bin:/Users/annafurtado/.platformio/penv:/Users/annafurtado/.platformio/python3/bin:/opt/homebrew/opt/openjdk/bin:/Users/annafurtado/Library/Python/3.8/bin:/Users/annafurtado/.local/bin:/Users/annafurtado/.cargo/bin:/usr/local/bin:/Users/annafurtado/bin/:/Users/annafurtado/Qt5.5.0/5.5/clang_64/bin/:/Users/annafurtado/.asdf/shims:/opt/homebrew/opt/asdf/libexec/bin:/opt/homebrew/bin:/opt/homebrew/sbin:/usr/local/bin:/usr/bin:/bin:/usr/sbin:/sbin:/Applications/CyberArk EPM.app/Contents/Helpers:/Library/Apple/usr/bin:/Users/annafurtado/.cargo/bin:/Users/annafurtado/.fig/bin:/Users/annafurtado/.local/bin:/opt/homebrew/opt/fzf/bin
# default
MAKE = $(MAKE_COMMAND)
# default
MAKECMDGOALS := all
# environment
PATH = /opt/homebrew/opt/openjdk/bin:/Users/annafurtado/Library/Python/3.8/bin:/Users/annafurtado/.local/bin:/Users/annafurtado/.cargo/bin:/usr/local/bin:/Users/annafurtado/bin/:/Users/annafurtado/Qt5.5.0/5.5/clang_64/bin/:/Users/annafurtado/.asdf/shims:/opt/homebrew/opt/asdf/libexec/bin:/opt/homebrew/bin:/opt/homebrew/sbin:/usr/local/bin:/usr/bin:/bin:/usr/sbin:/sbin:/Applications/CyberArk EPM.app/Contents/Helpers:/Library/Apple/usr/bin:/Users/annafurtado/.cargo/bin:/Users/annafurtado/.fig/bin:/Users/annafurtado/.local/bin:/opt/homebrew/opt/fzf/bin
# environment
SHLVL = 1
# environment
XPC_FLAGS = 0x0
# default
MAKE_VERSION := 3.81
# environment
USER = annafurtado
# makefile
.DEFAULT_GOAL := all
# environment
LESS = -R
# automatic
%D = $(patsubst %/,%,$(dir $%))
# default
MAKE_COMMAND := /Applications/Xcode.app/Contents/Developer/usr/bin/make
# default
.VARIABLES := 
# environment
TMPDIR = /var/folders/52/kwfdc40928d835njy2ldgc5m0000gn/T/
# automatic
*F = $(notdir $*)
# environment
BYOBU_DATE = %Y-%m-%d 
# environment
VSCODE_IPC_HOOK = /Users/annafurtado/Library/Application Support/Code/1.70.2-main.sock
# environment
MallocNanoZone = 0
# makefile
MAKEFLAGS = Rrqp
# environment
MFLAGS = -Rrqp
# automatic
*D = $(patsubst %/,%,$(dir $*))
# environment
NVM_DIR = /Users/annafurtado/.nvm
# environment
XPC_SERVICE_NAME = application.com.microsoft.VSCode.37938797.37938804
# environment
RUBY_CFLAGS = -w
# environment
HOMEBREW_PREFIX = /opt/homebrew
# automatic
+D = $(patsubst %/,%,$(dir $+))
# automatic
+F = $(notdir $+)
# environment
HOMEBREW_REPOSITORY = /opt/homebrew
# environment
__CF_USER_TEXT_ENCODING = 0x1F5:0x0:0x0
# environment
COMMAND_MODE = unix2003
# default
MAKEFILES := 
# automatic
<F = $(notdir $<)
# environment
PLATFORMIO_CALLER = vscode
# environment
EDITOR = lvim
# environment
PAGER = less
# environment
BYOBU_SED = sed
# environment
LC_ALL = C
# environment
SECURITYSESSIONID = 186ac
# automatic
^F = $(notdir $^)
# default
SUFFIXES := 
# environment
ASDF_DIR = /opt/homebrew/opt/asdf/libexec
# environment
BYOBU_PYTHON = python3
# environment
MAKELEVEL := 0
# environment
BYOBU_EDITOR = vim
# environment
BYOBU_CONFIG_DIR = /Users/annafurtado/.byobu
# environment
LANG = C
# environment
VSCODE_PID = 9998
# environment
BYOBU_ACCENT = \#75507B
# environment
BYOBU_PREFIX = /opt/homebrew/Cellar/byobu/5.133_1
# variable set hash-table stats:
# Load=98/1024=10%, Rehash=0, Collisions=4/123=3%

# Pattern-specific Variable Values

# No pattern-specific variable values.

# Directories

# . (device 16777233, inode 3470901): 11 files, no impossibilities.

# 11 files, no impossibilities in 1 directories.

# Implicit Rules

# No implicit rules.

# Files

install_docker:
#  Implicit rule search has not been done.
#  Modification time never checked.
#  File has not been updated.
#  commands to execute (from `Makefile', line 20):
	which ansible || install_ansible
	ansible-playbook -i "localhost," -c local playbooks/docker.yaml
	

all: install_ansible install_general_packages install_zsh install_docker install_nvim
#  Command-line target.
#  Implicit rule search has been done.
#  File does not exist.
#  File has been updated.
#  Needs to be updated (-q is set).
# variable set hash-table stats:
# Load=0/32=0%, Rehash=0, Collisions=0/2=0%

# Not a target:
.SUFFIXES:
#  Implicit rule search has not been done.
#  Modification time never checked.
#  File has not been updated.

# Not a target:
Makefile:
#  Implicit rule search has been done.
#  Last modified 2022-08-17 14:45:29
#  File has been updated.
#  Successfully updated.
# variable set hash-table stats:
# Load=0/32=0%, Rehash=0, Collisions=0/0=0%

install_ansible:
#  Implicit rule search has not been done.
#  Implicit/static pattern stem: `'
#  File does not exist.
#  File has been updated.
#  Needs to be updated (-q is set).
# automatic
# @ := install_ansible
# automatic
# % := 
# automatic
# * := 
# automatic
# + := 
# automatic
# | := 
# automatic
# < := 
# automatic
# ^ := 
# automatic
# ? := 
# variable set hash-table stats:
# Load=8/32=25%, Rehash=0, Collisions=1/10=10%
#  commands to execute (from `Makefile', line 4):
	brew install ansible
	ansible-galaxy collection install community.general
	

install_general_packages:
#  Implicit rule search has not been done.
#  Modification time never checked.
#  File has not been updated.
#  commands to execute (from `Makefile', line 12):
	which ansible || install_ansible
	ansible-playbook -i "localhost," -c local playbooks/packages.yaml
	

# Not a target:
.DEFAULT:
#  Implicit rule search has not been done.
#  Modification time never checked.
#  File has not been updated.

install_zsh:
#  Implicit rule search has not been done.
#  Modification time never checked.
#  File has not been updated.
#  commands to execute (from `Makefile', line 16):
	which ansible || install_ansible
 
	ansible-playbook -i "localhost," -c local playbooks/terminal-zsh.yaml
	

install_nvim:
#  Implicit rule search has not been done.
#  Modification time never checked.
#  File has not been updated.
#  commands to execute (from `Makefile', line 24):
	which ansible || install_ansible
	ansible-playbook -i "localhost," -c local playbooks/neovim.yaml
	

install_vim:
#  Implicit rule search has not been done.
#  Modification time never checked.
#  File has not been updated.
#  commands to execute (from `Makefile', line 8):
	which ansible || install_ansible
	ansible-playbook -i "localhost," -c local playbooks/vim.yaml
	

# files hash-table stats:
# Load=10/1024=1%, Rehash=0, Collisions=0/29=0%
# VPATH Search Paths

# No `vpath' search paths.

# No general (`VPATH' variable) search path.

# # of strings in strcache: 1
# # of strcache buffers: 1
# strcache size: total = 4096 / max = 4096 / min = 4096 / avg = 4096
# strcache free: total = 4087 / max = 4087 / min = 4087 / avg = 4087

# Finished Make data base on Fri Aug 19 13:05:18 2022

 
